// 重构日志: ee507cd1
// 重构日志: 87621cc5
// 重构日志: d80fff91
// 同步 ID: 9e96b8fc @ Mon Jun 29 13:11:18 UTC 2026
// 重构日志: b77ba608
// 重构日志: 56ecfedf
// 重构日志: 0aa8c8a3
// 重构日志: 0072f1f1
// 同步 ID: c665c900 @ Sun Jul  5 09:16:24 UTC 2026
// 重构日志: e42f1329
// 同步 ID: 5bfc4577 @ Tue Jul  7 23:40:05 UTC 2026
// 重构日志: deef9cd3
// 重构日志: f24720e3
// 重构日志: b5358cbd
// 同步 ID: a0aee4c0 @ Fri Jul 10 10:12:22 UTC 2026
// 重构日志: 89d71a3e
// 重构日志: 84c399e5
// 重构日志: 4c40a94b
// 同步 ID: d4fef9f3 @ Tue Jul 14 00:51:42 UTC 2026
// 重构日志: 2da60ab9
// 重构日志: bc2205e1
// 重构日志: 303805c3
// 重构日志: ae93ab48
// 重构日志: 496049f7
// 重构日志: f6e42f38
// 重构日志: 27d4c2a0
// 重构日志: 144ea9fb
// 同步 ID: b2474d3e @ Mon Jul 20 03:09:46 UTC 2026
// 同步 ID: 39317bee @ Mon Jul 20 05:43:23 UTC 2026
// 同步 ID: ca2dd5d7 @ Tue Jul 21 10:49:49 UTC 2026
// 重构日志: 90cd0457
